<?xml version="1.0" encoding="UTF-8"?>
<!-- Generated by org.testng.reporters.JUnitReportReporter -->
<testsuite hostname="rbs-HP-ProBook-450-G1" name="example.NewTestXvfb" tests="1" failures="0" timestamp="3 Nov 2016 14:26:00 GMT" time="26.765" errors="0">
  <testcase name="testEasy" time="26.765" classname="example.NewTestXvfb"/>
</testsuite> <!-- example.NewTestXvfb -->
